{"/workspaces/codespaces-blank/src/index.tsx": {"path":"/workspaces/codespaces-blank/src/index.tsx","all":false,"statementMap":{"1":{"start":{"line":2,"column":0},"end":{"line":2,"column":76}},"2":{"start":{"line":3,"column":0},"end":{"line":3,"column":37}},"3":{"start":{"line":4,"column":0},"end":{"line":4,"column":35}},"11":{"start":{"line":12,"column":0},"end":{"line":12,"column":73}},"12":{"start":{"line":13,"column":0},"end":{"line":13,"column":51}},"13":{"start":{"line":14,"column":0},"end":{"line":14,"column":9}},"14":{"start":{"line":15,"column":0},"end":{"line":15,"column":2}},"15":{"start":{"line":16,"column":0},"end":{"line":16,"column":37}},"16":{"start":{"line":17,"column":0},"end":{"line":17,"column":34}},"17":{"start":{"line":18,"column":0},"end":{"line":18,"column":57}},"18":{"start":{"line":19,"column":0},"end":{"line":19,"column":7}},"19":{"start":{"line":20,"column":0},"end":{"line":20,"column":33}},"20":{"start":{"line":21,"column":0},"end":{"line":21,"column":13}},"21":{"start":{"line":22,"column":0},"end":{"line":22,"column":37}},"22":{"start":{"line":23,"column":0},"end":{"line":23,"column":14}},"23":{"start":{"line":24,"column":0},"end":{"line":24,"column":6}},"24":{"start":{"line":25,"column":0},"end":{"line":25,"column":45}},"25":{"start":{"line":26,"column":0},"end":{"line":26,"column":74}},"26":{"start":{"line":27,"column":0},"end":{"line":27,"column":10}},"27":{"start":{"line":28,"column":0},"end":{"line":28,"column":16}},"28":{"start":{"line":29,"column":0},"end":{"line":29,"column":56}},"29":{"start":{"line":30,"column":0},"end":{"line":30,"column":52}},"30":{"start":{"line":31,"column":0},"end":{"line":31,"column":8}},"31":{"start":{"line":32,"column":0},"end":{"line":32,"column":9}},"32":{"start":{"line":33,"column":0},"end":{"line":33,"column":58}},"33":{"start":{"line":34,"column":0},"end":{"line":34,"column":41}},"34":{"start":{"line":35,"column":0},"end":{"line":35,"column":17}},"35":{"start":{"line":36,"column":0},"end":{"line":36,"column":7}},"36":{"start":{"line":37,"column":0},"end":{"line":37,"column":6}},"37":{"start":{"line":38,"column":0},"end":{"line":38,"column":7}},"38":{"start":{"line":39,"column":0},"end":{"line":39,"column":4}},"39":{"start":{"line":40,"column":0},"end":{"line":40,"column":3}},"40":{"start":{"line":41,"column":0},"end":{"line":41,"column":4}},"41":{"start":{"line":42,"column":0},"end":{"line":42,"column":2}},"43":{"start":{"line":44,"column":0},"end":{"line":44,"column":46}},"44":{"start":{"line":45,"column":0},"end":{"line":45,"column":42}},"45":{"start":{"line":46,"column":0},"end":{"line":46,"column":14}},"46":{"start":{"line":47,"column":0},"end":{"line":47,"column":14}},"47":{"start":{"line":48,"column":0},"end":{"line":48,"column":2}},"49":{"start":{"line":50,"column":0},"end":{"line":50,"column":38}},"50":{"start":{"line":51,"column":0},"end":{"line":51,"column":59}},"51":{"start":{"line":52,"column":0},"end":{"line":52,"column":4}},"53":{"start":{"line":54,"column":0},"end":{"line":54,"column":13}},"54":{"start":{"line":55,"column":0},"end":{"line":55,"column":2}},"58":{"start":{"line":59,"column":0},"end":{"line":59,"column":27}},"61":{"start":{"line":62,"column":0},"end":{"line":62,"column":34}},"62":{"start":{"line":63,"column":0},"end":{"line":63,"column":9}},"63":{"start":{"line":64,"column":0},"end":{"line":64,"column":11}},"64":{"start":{"line":65,"column":0},"end":{"line":65,"column":15}},"65":{"start":{"line":66,"column":0},"end":{"line":66,"column":24}},"66":{"start":{"line":67,"column":0},"end":{"line":67,"column":11}},"67":{"start":{"line":68,"column":0},"end":{"line":68,"column":40}},"68":{"start":{"line":69,"column":0},"end":{"line":69,"column":14}},"69":{"start":{"line":70,"column":0},"end":{"line":70,"column":5}},"70":{"start":{"line":71,"column":0},"end":{"line":71,"column":4}},"71":{"start":{"line":72,"column":0},"end":{"line":72,"column":9}},"72":{"start":{"line":73,"column":0},"end":{"line":73,"column":36}},"73":{"start":{"line":74,"column":0},"end":{"line":74,"column":28}},"74":{"start":{"line":75,"column":0},"end":{"line":75,"column":28}},"75":{"start":{"line":76,"column":0},"end":{"line":76,"column":16}},"76":{"start":{"line":77,"column":0},"end":{"line":77,"column":6}},"77":{"start":{"line":78,"column":0},"end":{"line":78,"column":34}},"78":{"start":{"line":79,"column":0},"end":{"line":79,"column":5}},"79":{"start":{"line":80,"column":0},"end":{"line":80,"column":18}},"80":{"start":{"line":81,"column":0},"end":{"line":81,"column":4}},"81":{"start":{"line":82,"column":0},"end":{"line":82,"column":3}},"82":{"start":{"line":83,"column":0},"end":{"line":83,"column":1}},"85":{"start":{"line":86,"column":0},"end":{"line":86,"column":77}},"86":{"start":{"line":87,"column":0},"end":{"line":87,"column":26}},"88":{"start":{"line":89,"column":0},"end":{"line":89,"column":56}},"90":{"start":{"line":91,"column":0},"end":{"line":91,"column":21}},"91":{"start":{"line":92,"column":0},"end":{"line":92,"column":31}},"92":{"start":{"line":93,"column":0},"end":{"line":93,"column":2}},"94":{"start":{"line":95,"column":0},"end":{"line":95,"column":32}},"95":{"start":{"line":96,"column":0},"end":{"line":96,"column":49}},"96":{"start":{"line":97,"column":0},"end":{"line":97,"column":2}},"98":{"start":{"line":99,"column":0},"end":{"line":99,"column":30}},"99":{"start":{"line":100,"column":0},"end":{"line":100,"column":2}},"102":{"start":{"line":103,"column":0},"end":{"line":103,"column":48}},"103":{"start":{"line":104,"column":0},"end":{"line":104,"column":7}},"104":{"start":{"line":105,"column":0},"end":{"line":105,"column":22}},"105":{"start":{"line":106,"column":0},"end":{"line":106,"column":6}},"106":{"start":{"line":107,"column":0},"end":{"line":107,"column":34}},"107":{"start":{"line":108,"column":0},"end":{"line":108,"column":30}},"108":{"start":{"line":109,"column":0},"end":{"line":109,"column":42}},"110":{"start":{"line":111,"column":0},"end":{"line":111,"column":24}},"111":{"start":{"line":112,"column":0},"end":{"line":112,"column":36}},"113":{"start":{"line":114,"column":0},"end":{"line":114,"column":18}},"114":{"start":{"line":115,"column":0},"end":{"line":115,"column":39}},"116":{"start":{"line":117,"column":0},"end":{"line":117,"column":19}},"117":{"start":{"line":118,"column":0},"end":{"line":118,"column":22}},"118":{"start":{"line":119,"column":0},"end":{"line":119,"column":34}},"119":{"start":{"line":120,"column":0},"end":{"line":120,"column":4}},"120":{"start":{"line":121,"column":0},"end":{"line":121,"column":36}},"122":{"start":{"line":123,"column":0},"end":{"line":123,"column":62}},"123":{"start":{"line":124,"column":0},"end":{"line":124,"column":72}},"124":{"start":{"line":125,"column":0},"end":{"line":125,"column":25}},"125":{"start":{"line":126,"column":0},"end":{"line":126,"column":7}},"127":{"start":{"line":128,"column":0},"end":{"line":128,"column":29}},"128":{"start":{"line":129,"column":0},"end":{"line":129,"column":6}},"129":{"start":{"line":130,"column":0},"end":{"line":130,"column":3}},"130":{"start":{"line":131,"column":0},"end":{"line":131,"column":16}},"131":{"start":{"line":132,"column":0},"end":{"line":132,"column":47}},"132":{"start":{"line":133,"column":0},"end":{"line":133,"column":4}},"133":{"start":{"line":134,"column":0},"end":{"line":134,"column":18}},"134":{"start":{"line":135,"column":0},"end":{"line":135,"column":30}},"135":{"start":{"line":136,"column":0},"end":{"line":136,"column":2}},"137":{"start":{"line":138,"column":0},"end":{"line":138,"column":55}},"138":{"start":{"line":139,"column":0},"end":{"line":139,"column":22}},"139":{"start":{"line":140,"column":0},"end":{"line":140,"column":31}},"140":{"start":{"line":141,"column":0},"end":{"line":141,"column":2}}},"s":{"1":1,"2":1,"3":1,"11":1,"12":5,"13":3,"14":3,"15":2,"16":2,"17":2,"18":2,"19":2,"20":2,"21":2,"22":2,"23":2,"24":2,"25":2,"26":2,"27":2,"28":2,"29":2,"30":2,"31":2,"32":1,"33":1,"34":1,"35":1,"36":2,"37":2,"38":2,"39":2,"40":2,"41":2,"43":1,"44":5,"45":5,"46":2,"47":2,"49":3,"50":4,"51":3,"53":3,"54":3,"58":1,"61":2,"62":2,"63":2,"64":2,"65":2,"66":2,"67":2,"68":2,"69":2,"70":2,"71":2,"72":2,"73":2,"74":2,"75":2,"76":2,"77":2,"78":2,"79":2,"80":2,"81":2,"82":2,"85":1,"86":0,"88":0,"90":0,"91":0,"92":0,"94":0,"95":0,"96":0,"98":0,"99":0,"102":1,"103":0,"104":0,"105":0,"106":0,"107":0,"108":0,"110":0,"111":0,"113":0,"114":0,"116":0,"117":0,"118":0,"119":0,"120":0,"122":0,"123":0,"124":0,"125":0,"127":0,"128":0,"129":0,"130":0,"131":0,"132":0,"133":0,"134":0,"135":0,"137":1,"138":1,"139":1,"140":1},"branchMap":{"0":{"type":"branch","line":12,"loc":{"start":{"line":12,"column":23},"end":{"line":42,"column":2}},"locations":[{"start":{"line":12,"column":23},"end":{"line":42,"column":2}}]},"1":{"type":"branch","line":13,"loc":{"start":{"line":13,"column":6},"end":{"line":13,"column":42}},"locations":[{"start":{"line":13,"column":6},"end":{"line":13,"column":42}}]},"2":{"type":"branch","line":13,"loc":{"start":{"line":13,"column":30},"end":{"line":13,"column":50}},"locations":[{"start":{"line":13,"column":30},"end":{"line":13,"column":50}}]},"3":{"type":"branch","line":13,"loc":{"start":{"line":13,"column":50},"end":{"line":15,"column":2}},"locations":[{"start":{"line":13,"column":50},"end":{"line":15,"column":2}}]},"4":{"type":"branch","line":15,"loc":{"start":{"line":15,"column":1},"end":{"line":42,"column":2}},"locations":[{"start":{"line":15,"column":1},"end":{"line":42,"column":2}}]},"5":{"type":"branch","line":16,"loc":{"start":{"line":16,"column":27},"end":{"line":41,"column":2}},"locations":[{"start":{"line":16,"column":27},"end":{"line":41,"column":2}}]},"6":{"type":"branch","line":25,"loc":{"start":{"line":25,"column":32},"end":{"line":38,"column":5}},"locations":[{"start":{"line":25,"column":32},"end":{"line":38,"column":5}}]},"7":{"type":"branch","line":32,"loc":{"start":{"line":32,"column":8},"end":{"line":36,"column":7}},"locations":[{"start":{"line":32,"column":8},"end":{"line":36,"column":7}}]},"8":{"type":"branch","line":44,"loc":{"start":{"line":44,"column":13},"end":{"line":55,"column":2}},"locations":[{"start":{"line":44,"column":13},"end":{"line":55,"column":2}}]},"9":{"type":"branch","line":46,"loc":{"start":{"line":46,"column":13},"end":{"line":48,"column":2}},"locations":[{"start":{"line":46,"column":13},"end":{"line":48,"column":2}}]},"10":{"type":"branch","line":48,"loc":{"start":{"line":48,"column":1},"end":{"line":55,"column":2}},"locations":[{"start":{"line":48,"column":1},"end":{"line":55,"column":2}}]},"11":{"type":"branch","line":50,"loc":{"start":{"line":50,"column":28},"end":{"line":52,"column":2}},"locations":[{"start":{"line":50,"column":28},"end":{"line":52,"column":2}}]},"12":{"type":"branch","line":59,"loc":{"start":{"line":59,"column":7},"end":{"line":83,"column":1}},"locations":[{"start":{"line":59,"column":7},"end":{"line":83,"column":1}}]},"13":{"type":"branch","line":66,"loc":{"start":{"line":66,"column":6},"end":{"line":66,"column":24}},"locations":[{"start":{"line":66,"column":6},"end":{"line":66,"column":24}}]},"14":{"type":"branch","line":68,"loc":{"start":{"line":68,"column":8},"end":{"line":68,"column":36}},"locations":[{"start":{"line":68,"column":8},"end":{"line":68,"column":36}}]},"15":{"type":"branch","line":68,"loc":{"start":{"line":68,"column":27},"end":{"line":68,"column":40}},"locations":[{"start":{"line":68,"column":27},"end":{"line":68,"column":40}}]},"16":{"type":"branch","line":80,"loc":{"start":{"line":80,"column":6},"end":{"line":80,"column":18}},"locations":[{"start":{"line":80,"column":6},"end":{"line":80,"column":18}}]},"17":{"type":"branch","line":74,"loc":{"start":{"line":74,"column":4},"end":{"line":77,"column":6}},"locations":[{"start":{"line":74,"column":4},"end":{"line":77,"column":6}}]}},"b":{"0":[5],"1":[3],"2":[3],"3":[3],"4":[2],"5":[2],"6":[2],"7":[1],"8":[5],"9":[2],"10":[3],"11":[4],"12":[2],"13":[1],"14":[1],"15":[1],"16":[1],"17":[2]},"fnMap":{"0":{"name":"linkArgToStore","decl":{"start":{"line":12,"column":23},"end":{"line":42,"column":2}},"loc":{"start":{"line":12,"column":23},"end":{"line":42,"column":2}},"line":12},"1":{"name":"Args","decl":{"start":{"line":44,"column":13},"end":{"line":55,"column":2}},"loc":{"start":{"line":44,"column":13},"end":{"line":55,"column":2}},"line":44},"2":{"name":"withStores","decl":{"start":{"line":59,"column":7},"end":{"line":83,"column":1}},"loc":{"start":{"line":59,"column":7},"end":{"line":83,"column":1}},"line":59},"3":{"name":"StoryBindValtioStoreDecorator","decl":{"start":{"line":86,"column":56},"end":{"line":100,"column":2}},"loc":{"start":{"line":86,"column":56},"end":{"line":100,"column":2}},"line":86},"4":{"name":"ValtioStoreBindStory","decl":{"start":{"line":103,"column":47},"end":{"line":136,"column":2}},"loc":{"start":{"line":103,"column":47},"end":{"line":136,"column":2}},"line":103}},"f":{"0":5,"1":5,"2":2,"3":0,"4":0}}
}
